
*** Running vivado
    with args -log block_rom_blk_mem_gen_0_0.vds -m64 -product Vivado -mode batch -messageDb vivado.pb -notrace -source block_rom_blk_mem_gen_0_0.tcl


****** Vivado v2017.2.1 (64-bit)
  **** SW Build 1957588 on Wed Aug  9 16:32:10 MDT 2017
  **** IP Build 1948039 on Wed Aug  9 18:19:28 MDT 2017
    ** Copyright 1986-2017 Xilinx, Inc. All Rights Reserved.

source block_rom_blk_mem_gen_0_0.tcl -notrace
Starting RTL Elaboration : Time (s): cpu = 00:00:10 ; elapsed = 00:00:35 . Memory (MB): peak = 1300.984 ; gain = 70.004 ; free physical = 49846 ; free virtual = 139991
INFO: [Synth 8-638] synthesizing module 'block_rom_blk_mem_gen_0_0' [/nethome/ahimanshu3/DSP_Project/Block_RAM/vivado_IP_TEST/project_1/project_1.srcs/sources_1/bd/block_rom/ip/block_rom_blk_mem_gen_0_0/synth/block_rom_blk_mem_gen_0_0.vhd:68]
INFO: [Synth 8-256] done synthesizing module 'block_rom_blk_mem_gen_0_0' (11#1) [/nethome/ahimanshu3/DSP_Project/Block_RAM/vivado_IP_TEST/project_1/project_1.srcs/sources_1/bd/block_rom/ip/block_rom_blk_mem_gen_0_0/synth/block_rom_blk_mem_gen_0_0.vhd:68]
Finished RTL Elaboration : Time (s): cpu = 00:01:21 ; elapsed = 00:02:10 . Memory (MB): peak = 1506.379 ; gain = 275.398 ; free physical = 49761 ; free virtual = 139914
Finished RTL Optimization Phase 1 : Time (s): cpu = 00:01:22 ; elapsed = 00:02:11 . Memory (MB): peak = 1506.379 ; gain = 275.398 ; free physical = 49768 ; free virtual = 139921
INFO: [Device 21-403] Loading part xc7a35tcpg236-1
Constraint Validation Runtime : Time (s): cpu = 00:00:00.04 ; elapsed = 00:00:00.07 . Memory (MB): peak = 1697.590 ; gain = 1.000 ; free physical = 49322 ; free virtual = 139538
Finished Constraint Validation : Time (s): cpu = 00:01:42 ; elapsed = 00:03:15 . Memory (MB): peak = 1697.590 ; gain = 466.609 ; free physical = 49469 ; free virtual = 139687
Finished Loading Part and Timing Information : Time (s): cpu = 00:01:42 ; elapsed = 00:03:15 . Memory (MB): peak = 1697.590 ; gain = 466.609 ; free physical = 49469 ; free virtual = 139687
Finished applying 'set_property' XDC Constraints : Time (s): cpu = 00:01:42 ; elapsed = 00:03:15 . Memory (MB): peak = 1697.590 ; gain = 466.609 ; free physical = 49470 ; free virtual = 139688
Finished RTL Optimization Phase 2 : Time (s): cpu = 00:01:43 ; elapsed = 00:03:15 . Memory (MB): peak = 1697.590 ; gain = 466.609 ; free physical = 49463 ; free virtual = 139681
Finished Cross Boundary and Area Optimization : Time (s): cpu = 00:01:43 ; elapsed = 00:03:15 . Memory (MB): peak = 1697.590 ; gain = 466.609 ; free physical = 49457 ; free virtual = 139674
Finished Applying XDC Timing Constraints : Time (s): cpu = 00:01:55 ; elapsed = 00:03:43 . Memory (MB): peak = 1697.590 ; gain = 466.609 ; free physical = 49310 ; free virtual = 139530
Finished Timing Optimization : Time (s): cpu = 00:01:55 ; elapsed = 00:03:43 . Memory (MB): peak = 1697.590 ; gain = 466.609 ; free physical = 49309 ; free virtual = 139529
Finished Technology Mapping : Time (s): cpu = 00:01:55 ; elapsed = 00:03:43 . Memory (MB): peak = 1697.590 ; gain = 466.609 ; free physical = 49307 ; free virtual = 139527
Finished IO Insertion : Time (s): cpu = 00:01:56 ; elapsed = 00:03:44 . Memory (MB): peak = 1697.590 ; gain = 466.609 ; free physical = 49302 ; free virtual = 139522
Finished Renaming Generated Instances : Time (s): cpu = 00:01:56 ; elapsed = 00:03:44 . Memory (MB): peak = 1697.590 ; gain = 466.609 ; free physical = 49302 ; free virtual = 139522
Finished Rebuilding User Hierarchy : Time (s): cpu = 00:01:56 ; elapsed = 00:03:44 . Memory (MB): peak = 1697.590 ; gain = 466.609 ; free physical = 49302 ; free virtual = 139523
Finished Renaming Generated Ports : Time (s): cpu = 00:01:56 ; elapsed = 00:03:44 . Memory (MB): peak = 1697.590 ; gain = 466.609 ; free physical = 49302 ; free virtual = 139522
Finished Handling Custom Attributes : Time (s): cpu = 00:01:56 ; elapsed = 00:03:44 . Memory (MB): peak = 1697.590 ; gain = 466.609 ; free physical = 49302 ; free virtual = 139522
Finished Renaming Generated Nets : Time (s): cpu = 00:01:56 ; elapsed = 00:03:44 . Memory (MB): peak = 1697.590 ; gain = 466.609 ; free physical = 49302 ; free virtual = 139522

Report Cell Usage: 
+------+------------+------+
|      |Cell        |Count |
+------+------------+------+
|1     |RAMB36E1    |     1|
|2     |RAMB36E1_1  |     1|
|3     |RAMB36E1_10 |     1|
|4     |RAMB36E1_11 |     1|
|5     |RAMB36E1_12 |     1|
|6     |RAMB36E1_13 |     1|
|7     |RAMB36E1_14 |     1|
|8     |RAMB36E1_15 |     1|
|9     |RAMB36E1_2  |     1|
|10    |RAMB36E1_3  |     1|
|11    |RAMB36E1_4  |     1|
|12    |RAMB36E1_5  |     1|
|13    |RAMB36E1_6  |     1|
|14    |RAMB36E1_7  |     1|
|15    |RAMB36E1_8  |     1|
|16    |RAMB36E1_9  |     1|
+------+------------+------+
Finished Writing Synthesis Report : Time (s): cpu = 00:01:56 ; elapsed = 00:03:44 . Memory (MB): peak = 1697.590 ; gain = 466.609 ; free physical = 49302 ; free virtual = 139522
synth_design: Time (s): cpu = 00:01:58 ; elapsed = 00:03:45 . Memory (MB): peak = 1697.590 ; gain = 479.191 ; free physical = 49338 ; free virtual = 139558
